# JRE version: Java(TM) SE Runtime Environment (8.0_77-b03) (build 1.8.0_77-b03)
# Java VM: Java HotSpot(TM) 64-Bit Server VM (25.77-b03 mixed mode windows-amd64 compressed oops)
Heap:
 PSYoungGen      total 70656K, used 58576K [0x00000000d6100000, 0x00000000dab00000, 0x0000000100000000)
  eden space 65536K, 89% used [0x00000000d6100000,0x00000000d9a342f0,0x00000000da100000)
  from space 5120K, 0% used [0x00000000da600000,0x00000000da600000,0x00000000dab00000)
  to   space 5120K, 0% used [0x00000000da100000,0x00000000da100000,0x00000000da600000)
 ParOldGen       total 57856K, used 7200K [0x0000000082200000, 0x0000000085a80000, 0x00000000d6100000)
  object space 57856K, 12% used [0x0000000082200000,0x0000000082908050,0x0000000085a80000)
 Metaspace       used 27696K, capacity 27926K, committed 28336K, reserved 1073152K
  class space    used 3603K, capacity 3657K, committed 3760K, reserved 1048576K
GC Heap History (10 events):
Event: 1.213 GC heap before
{Heap before GC invocations=1 (full 0):
 PSYoungGen      total 37888K, used 32768K [0x00000000d6100000, 0x00000000d8b00000, 0x0000000100000000)
  eden space 32768K, 100% used [0x00000000d6100000,0x00000000d8100000,0x00000000d8100000)
  from space 5120K, 0% used [0x00000000d8600000,0x00000000d8600000,0x00000000d8b00000)
  to   space 5120K, 0% used [0x00000000d8100000,0x00000000d8100000,0x00000000d8600000)
 ParOldGen       total 86016K, used 0K [0x0000000082200000, 0x0000000087600000, 0x00000000d6100000)
  object space 86016K, 0% used [0x0000000082200000,0x0000000082200000,0x0000000087600000)
 Metaspace       used 10187K, capacity 10284K, committed 10624K, reserved 1058816K
  class space    used 1267K, capacity 1310K, committed 1408K, reserved 1048576K
Event: 1.222 GC heap after
Heap after GC invocations=1 (full 0):
 PSYoungGen      total 37888K, used 4513K [0x00000000d6100000, 0x00000000d8b00000, 0x0000000100000000)
  eden space 32768K, 0% used [0x00000000d6100000,0x00000000d6100000,0x00000000d8100000)
  from space 5120K, 88% used [0x00000000d8100000,0x00000000d85687e0,0x00000000d8600000)
  to   space 5120K, 0% used [0x00000000d8600000,0x00000000d8600000,0x00000000d8b00000)
 ParOldGen       total 86016K, used 72K [0x0000000082200000, 0x0000000087600000, 0x00000000d6100000)
  object space 86016K, 0% used [0x0000000082200000,0x0000000082212010,0x0000000087600000)
 Metaspace       used 10187K, capacity 10284K, committed 10624K, reserved 1058816K
  class space    used 1267K, capacity 1310K, committed 1408K, reserved 1048576K
}
Event: 1.897 GC heap before
{Heap before GC invocations=2 (full 0):
 PSYoungGen      total 37888K, used 37281K [0x00000000d6100000, 0x00000000d8b00000, 0x0000000100000000)
  eden space 32768K, 100% used [0x00000000d6100000,0x00000000d8100000,0x00000000d8100000)
  from space 5120K, 88% used [0x00000000d8100000,0x00000000d85687e0,0x00000000d8600000)
  to   space 5120K, 0% used [0x00000000d8600000,0x00000000d8600000,0x00000000d8b00000)
 ParOldGen       total 86016K, used 72K [0x0000000082200000, 0x0000000087600000, 0x00000000d6100000)
  object space 86016K, 0% used [0x0000000082200000,0x0000000082212010,0x0000000087600000)
 Metaspace       used 14692K, capacity 14858K, committed 14976K, reserved 1062912K
  class space    used 1838K, capacity 1891K, committed 1920K, reserved 1048576K
Event: 1.907 GC heap after
Heap after GC invocations=2 (full 0):
 PSYoungGen      total 37888K, used 5099K [0x00000000d6100000, 0x00000000dab00000, 0x0000000100000000)
  eden space 32768K, 0% used [0x00000000d6100000,0x00000000d6100000,0x00000000d8100000)
  from space 5120K, 99% used [0x00000000d8600000,0x00000000d8afaed0,0x00000000d8b00000)
  to   space 5120K, 0% used [0x00000000d8100000,0x00000000d8100000,0x00000000d8600000)
 ParOldGen       total 86016K, used 657K [0x0000000082200000, 0x0000000087600000, 0x00000000d6100000)
  object space 86016K, 0% used [0x0000000082200000,0x00000000822a46f0,0x0000000087600000)
 Metaspace       used 14692K, capacity 14858K, committed 14976K, reserved 1062912K
  class space    used 1838K, capacity 1891K, committed 1920K, reserved 1048576K
}
Event: 2.277 GC heap before
{Heap before GC invocations=3 (full 0):
 PSYoungGen      total 37888K, used 37867K [0x00000000d6100000, 0x00000000dab00000, 0x0000000100000000)
  eden space 32768K, 100% used [0x00000000d6100000,0x00000000d8100000,0x00000000d8100000)
  from space 5120K, 99% used [0x00000000d8600000,0x00000000d8afaed0,0x00000000d8b00000)
  to   space 5120K, 0% used [0x00000000d8100000,0x00000000d8100000,0x00000000d8600000)
 ParOldGen       total 86016K, used 657K [0x0000000082200000, 0x0000000087600000, 0x00000000d6100000)
  object space 86016K, 0% used [0x0000000082200000,0x00000000822a46f0,0x0000000087600000)
 Metaspace       used 16926K, capacity 17090K, committed 17408K, reserved 1064960K
  class space    used 2148K, capacity 2183K, committed 2304K, reserved 1048576K
Event: 2.287 GC heap after
Heap after GC invocations=3 (full 0):
 PSYoungGen      total 37888K, used 5103K [0x00000000d6100000, 0x00000000dab00000, 0x0000000100000000)
  eden space 32768K, 0% used [0x00000000d6100000,0x00000000d6100000,0x00000000d8100000)
  from space 5120K, 99% used [0x00000000d8100000,0x00000000d85fbe80,0x00000000d8600000)
  to   space 5120K, 0% used [0x00000000da600000,0x00000000da600000,0x00000000dab00000)
 ParOldGen       total 86016K, used 967K [0x0000000082200000, 0x0000000087600000, 0x00000000d6100000)
  object space 86016K, 1% used [0x0000000082200000,0x00000000822f1f00,0x0000000087600000)
 Metaspace       used 16926K, capacity 17090K, committed 17408K, reserved 1064960K
  class space    used 2148K, capacity 2183K, committed 2304K, reserved 1048576K
}
Event: 2.799 GC heap before
{Heap before GC invocations=4 (full 0):
 PSYoungGen      total 37888K, used 31700K [0x00000000d6100000, 0x00000000dab00000, 0x0000000100000000)
  eden space 32768K, 81% used [0x00000000d6100000,0x00000000d7af9360,0x00000000d8100000)
  from space 5120K, 99% used [0x00000000d8100000,0x00000000d85fbe80,0x00000000d8600000)
  to   space 5120K, 0% used [0x00000000da600000,0x00000000da600000,0x00000000dab00000)
 ParOldGen       total 86016K, used 967K [0x0000000082200000, 0x0000000087600000, 0x00000000d6100000)
  object space 86016K, 1% used [0x0000000082200000,0x00000000822f1f00,0x0000000087600000)
 Metaspace       used 20932K, capacity 21124K, committed 21296K, reserved 1067008K
  class space    used 2736K, capacity 2822K, committed 2864K, reserved 1048576K
Event: 2.808 GC heap after
Heap after GC invocations=4 (full 0):
 PSYoungGen      total 70656K, used 5095K [0x00000000d6100000, 0x00000000dab00000, 0x0000000100000000)
  eden space 65536K, 0% used [0x00000000d6100000,0x00000000d6100000,0x00000000da100000)
  from space 5120K, 99% used [0x00000000da600000,0x00000000daaf9f80,0x00000000dab00000)
  to   space 5120K, 0% used [0x00000000da100000,0x00000000da100000,0x00000000da600000)
 ParOldGen       total 86016K, used 3288K [0x0000000082200000, 0x0000000087600000, 0x00000000d6100000)
  object space 86016K, 3% used [0x0000000082200000,0x0000000082536290,0x0000000087600000)
 Metaspace       used 20932K, capacity 21124K, committed 21296K, reserved 1067008K
  class space    used 2736K, capacity 2822K, committed 2864K, reserved 1048576K
}
Event: 2.808 GC heap before
{Heap before GC invocations=5 (full 1):
 PSYoungGen      total 70656K, used 5095K [0x00000000d6100000, 0x00000000dab00000, 0x0000000100000000)
  eden space 65536K, 0% used [0x00000000d6100000,0x00000000d6100000,0x00000000da100000)
  from space 5120K, 99% used [0x00000000da600000,0x00000000daaf9f80,0x00000000dab00000)
  to   space 5120K, 0% used [0x00000000da100000,0x00000000da100000,0x00000000da600000)
 ParOldGen       total 86016K, used 3288K [0x0000000082200000, 0x0000000087600000, 0x00000000d6100000)
  object space 86016K, 3% used [0x0000000082200000,0x0000000082536290,0x0000000087600000)
 Metaspace       used 20932K, capacity 21124K, committed 21296K, reserved 1067008K
  class space    used 2736K, capacity 2822K, committed 2864K, reserved 1048576K
Event: 2.846 GC heap after
Heap after GC invocations=5 (full 1):
 PSYoungGen      total 70656K, used 0K [0x00000000d6100000, 0x00000000dab00000, 0x0000000100000000)
  eden space 65536K, 0% used [0x00000000d6100000,0x00000000d6100000,0x00000000da100000)
  from space 5120K, 0% used [0x00000000da600000,0x00000000da600000,0x00000000dab00000)
  to   space 5120K, 0% used [0x00000000da100000,0x00000000da100000,0x00000000da600000)
 ParOldGen       total 57856K, used 7200K [0x0000000082200000, 0x0000000085a80000, 0x00000000d6100000)
  object space 57856K, 12% used [0x0000000082200000,0x0000000082908050,0x0000000085a80000)
 Metaspace       used 20932K, capacity 21124K, committed 21296K, reserved 1067008K
  class space    used 2736K, capacity 2822K, committed 2864K, reserved 1048576K
}

